********************************************************************************
DUPLICATOR-LITE PACKAGE-LOG: October 1, 2020 8:06 am
NOTICE: Do NOT post to public sites or forums 
********************************************************************************
VERSION:	1.3.38
WORDPRESS:	5.5
PHP INFO:	7.4.4 | SAPI: apache2handler
SERVER:		Apache 
PHP TIME LIMIT: (0) no time limit imposed 
PHP MAX MEMORY: 4294967296 (1536M default) 
MEMORY STACK: 12MB

********************************************************************************
DATABASE:
********************************************************************************
BUILD MODE:   MYSQLDUMP
MYSQLTIMEOUT: 5000
MYSQLDUMP:    Is Supported
SQL CREATED: 20201001_lms_ae7a9f7d491c180b4737_20201001080638_database.sql
SQL FILE SIZE: 23.92MB (25082653)
SQL FILE TIME: 2020-10-01 08:07:01
SQL RUNTIME: 7.29 sec.

********************************************************************************
ARCHIVE (ZIP):
********************************************************************************
ARCHIVE DIR:  C:/ws/OSPanel/domains/wptest.loc
ARCHIVE FILE: 20201001_lms_ae7a9f7d491c180b4737_20201001080638_archive.zip
FILTERS: *OFF*
DIRS:
	not set
FILES:
	not set
EXTS:  not set
----------------------------------------
COMPRESSING
SIZE:	0B
STATS:	Dirs 0 | Files 0
SQL ADDED: 20201001_lms_ae7a9f7d491c180b4737_20201001080638_database.sql
ZipArchive Object
(
    [status] => 0
    [statusSys] => 0
    [numFiles] => 1
    [filename] => C:\ws\OSPanel\domains\wptest.loc\wp-content\backups-dup-lite\tmp\20201001_lms_ae7a9f7d491c180b4737_20201001080638_archive.zip
    [comment] => 
)

FILE ADDED TO ZIP: 0
[PHP ERR][NOTICE] MSG:ob_flush(): failed to flush buffer. No buffer to flush [CODE:8|FILE:C:\ws\OSPanel\domains\wptest.loc\wp-content\plugins\duplicator\classes\utilities\class.u.php|LINE:171]
do_action('wp_ajax_duplicator_package_build'), WP_Hook->do_action, WP_Hook->apply_filters, duplicator_package_build, DUP_Package->runZipBuild, DUP_Archive->build, DUP_Zip::create, DUP_Util::fcgiFlush, ob_flush, DUP_Handler::error, DUP_Handler::getMessage
COMPRESSION RESULT: '1'
COMPRESSED SIZE: 2.63MB
ARCHIVE RUNTIME: 1.51 sec.
MEMORY STACK: 12MB
building installer
add_extra_files1
add_extra_files2
add_extra_files3
add_extra_files4
Doing archive file check
add_extra_files5
add_extra_files6
add_extra_files8
Successfully opened zip C:/ws/OSPanel/domains/wptest.loc/wp-content/backups-dup-lite/tmp/20201001_lms_ae7a9f7d491c180b4737_20201001080638_archive.zip
Adding enhanced installer files to archive using ZipArchive
Installer files added to archive
Added to archive
After ziparchive close when adding installer

********************************************************************************
INTEGRITY CHECKS:
********************************************************************************
SQL FILE: 23.92MB
INSTALLER FILE: 61.31KB
ARCHIVE FILE: 4.1MB 
ERWARTETE MENGE DATEIEN/VERZEICHNISSE: 0
TATSÄCHLICHE MENGE DATEIEN/VERZEICHNISSE: 0
ARCHIV-KONSISTENZ-TEST: Bestanden

********************************************************************************
RECORD ID:[5]
TOTAL PROCESS RUNTIME: 9.26 sec.
PEAK PHP MEMORY USED: 16MB
DONE PROCESSING => 20201001_lms October 1, 2020 8:07 am

